[0][Lua_Info][game\gameBase\gameBaseState.lua ctor:8][nil] GameBaseState.ctor
[0][Lua_Info][game\gameBase\gameBaseController.lua ctor:13][nil] GameBaseController.ctor
[0][Lua_Info][game\gameBase\gameBaseData.lua ctor:8][nil] GameBaseData.ctor
[0][Lua_Info][demo\demoData.lua ctor:7][nil] DemoData.ctor
[0][Lua_Info][demo\demoController.lua ctor:6][nil] DemoController.ctor
[0][Lua_Info][demo\demoScene.lua initGame:255][nil] The first initialization is complete.
Lua_dump from:game\net\http\httpController.lua execute:78
- ">>>>>>>>>>>>>>>>>>>>>>>>> paramData" = "{"uuid":"0XyvMbZqYYq99XvAQPd4lWf8dgkIw8Op","gid":2,"param":{"method":"Login.userLogin","loginType":1}}"
[0][Lua_Info][game\gameBase\httpModule.lua execute_open_type:111][HttpModule execute]  url:---------->http://192.168.96.152/jeffhas_dev/jdcomb/ |  param:---------->
Lua_dump from:game\gameBase\httpModule.lua execute_open_type:112
- "{"uuid":"0XyvMbZqYYq99XvAQPd4lWf8dgkIw8Op","gid":2,"param":{"method":"Login.userLogin","loginType":1}}" = "HttpModule execute"
[0][Lua_Info][game\gameBase\httpModule.lua func:223][nil] -----------------------------------------------
[0][Lua_Info][game\gameBase\httpModule.lua func:224][nil] resultStr:{"time":1493282757,"flag":10000,"data":{"nick":"\u4ee3\u7ec338445632","mid":"85","gameInfolist":{"crazy":{"maxScore":128,"modeId":2,"gameCoins":9999025},"gentle":{"maxScore":79,"modeId":1,"gameCoins":9999041}},"updateTime":"1493282705","iconUrl":"http:\/\/192.168.96.152\/jeffhas_dev\/jdcomb\/icon\/2\/85\/85_middle.jpg?1493269820","btnInfoList":{"BtnOpenAlbumNum":3,"BtnHeadOpenAlbumNum":0,"BtnTakePictureNum":3,"EditNameNum":19,"BtnMusicNum":52,"BtnConfigCancelNum":183,"BtnConfigSubmitNum":97,"BtnExitCancelNum":1,"BtnGentleNum":264,"BtnCrazyNum":74,"gentle":{"breakRecord":20,"modeId":1,"btnContinue":133,"btnTips":15,"btnRestart":68},"crazy":{"breakRecord":23,"modeId":2,"btnContinue":143,"btnTips":9,"btnRestart":44}},"sex":"0","uuid":"0XyvMbZqYYq99XvAQPd4lWf8dgkIw8Op","status":1,"loginType":1}}
[0][Lua_Info][game\gameBase\httpModule.lua func:225][nil] -----------------------------------------------
[0][Lua_Info][game\gameBase\httpModule.lua func:242][HttpModule] httpCode:0 200 errorCode:SUCCESSED command:http://192.168.96.152/jeffhas_dev/jdcomb/
Lua_dump from:demo\demoScene.lua callback:126
- "data" = {
-     "data" = {
-         "btnInfoList" = {
-             "BtnConfigCancelNum"  = 183
-             "BtnConfigSubmitNum"  = 97
-             "BtnCrazyNum"         = 74
-             "BtnExitCancelNum"    = 1
-             "BtnGentleNum"        = 264
-             "BtnHeadOpenAlbumNum" = 0
-             "BtnMusicNum"         = 52
-             "BtnOpenAlbumNum"     = 3
-             "BtnTakePictureNum"   = 3
-             "EditNameNum"         = 19
-             "crazy" = {
-                 "breakRecord" = 23
-                 "btnContinue" = 143
-                 "btnRestart"  = 44
-                 "btnTips"     = 9
-                 "modeId"      = 2
-             }
-             "gentle" = {
-                 "breakRecord" = 20
-                 "btnContinue" = 133
-                 "btnRestart"  = 68
-                 "btnTips"     = 15
-                 "modeId"      = 1
-             }
-         }
-         "gameInfolist" = {
-             "crazy" = {
-                 "gameCoins" = 9999025
-                 "maxScore"  = 128
-                 "modeId"    = 2
-             }
-             "gentle" = {
-                 "gameCoins" = 9999041
-                 "maxScore"  = 79
-                 "modeId"    = 1
-             }
-         }
-         "iconUrl"      = "http://192.168.96.152/jeffhas_dev/jdcomb/icon/2/85/85_middle.jpg?1493269820"
-         "loginType"    = 1
-         "mid"          = "85"
-         "nick"         = "代练38445632"
-         "sex"          = "0"
-         "status"       = 1
-         "updateTime"   = "1493282705"
-         "uuid"         = "0XyvMbZqYYq99XvAQPd4lWf8dgkIw8Op"
-     }
-     "flag" = 10000
-     "time" = 1493282757
- }
Lua_dump from:demo\demoScene.lua callback:163
- 1 = "-----Visitor login"
[0][Lua_Info][game\gameBase\gameBaseLayer.lua ctor:8][nil] GameBaseLayer.ctor
[0][Lua_Info][demo\setHeadPopup.lua ctor:34][nil] setHeadPopup.ctor
Lua_dump from:demo\setHeadPopup.lua getHeadPhotoAndName:98
- "ICON_URL>>>" = "http://192.168.96.152/jeffhas_dev/jdcomb/icon/2/85/85_middle.jpg?1493269820"
Lua_dump from:demo\setHeadPopup.lua getHeadPhotoAndName:118
- " asdas<<<<<<<" = "代练38445632"
[2][Lua_Info][demo\setHeadPopup.lua dtor:84][nil] setHeadPopup.dtor
[2][Lua_Info][game\gameBase\gameBaseLayer.lua dtor:18][nil] GameBaseLayer.dtor
Lua_dump from:demo\demoScene.lua onButtonClick:386
- ">>>>>>>>>>>>>>>>>>>>>>>>>>>>> onButtonClick gentle" = {
-     "gameCoins" = 9999041
-     "maxScore"  = 79
-     "modeId"    = 1
- }
[2][Lua_Info][core.lua addPropTranslate:2745][startX=] 0-1080
[2][Lua_Info][demo\demoScene.lua createMonster:680][nil] I am monster No.1
[2][Lua_Info][demo\demoScene.lua onButtonClick:409][nil] Press the start key.
[3][Lua_Info][demo\demoScene.lua onKeyDown:1011][DemoScene] key = 69
[3][Lua_Info][demo\demoScene.lua :725][nil] Hitting the monster
[3][Lua_Info][demo\demoScene.lua onKeyDown:1011][DemoScene] key = 69
[3][Lua_Info][demo\demoScene.lua :725][nil] Hitting the monster
[3][Lua_Info][demo\demoScene.lua onKeyDown:1011][DemoScene] key = 69
[3][Lua_Info][demo\demoScene.lua :725][nil] Hitting the monster
[3][Lua_Info][demo\demoScene.lua onKeyDown:1011][DemoScene] key = 69
[3][Lua_Info][demo\demoScene.lua :725][nil] Hitting the monster
[3][Lua_Info][demo\demoScene.lua onKeyDown:1011][DemoScene] key = 69
[3][Lua_Info][demo\demoScene.lua :725][nil] Hitting the monster
[3][Lua_Info][demo\demoScene.lua onKeyDown:1011][DemoScene] key = 69
[3][Lua_Info][demo\demoScene.lua :725][nil] Hitting the monster
[3][Lua_Info][demo\demoScene.lua onKeyDown:1011][DemoScene] key = 69
[3][Lua_Info][demo\demoScene.lua :725][nil] Hitting the monster
[4][Lua_Info][demo\demoScene.lua func:1011][DemoScene] key = 32
Lua_dump from:demo\demoScene.lua func:1026
- "起跳初始速度 >>>>>>>>>>>>>>>>>" = 25
[4][Lua_Info][demo\demoScene.lua func:1011][DemoScene] key = 32
[4][Lua_Info][demo\demoScene.lua :943][<<<<<<<<<<<<<<<<<<   distance] 114.71919554791
[4][Lua_Info][demo\demoScene.lua :944][<<<<<<<<<<<<<<<<<<   apple] 13.297839310604
[4][Lua_Info][demo\demoScene.lua :945][nil] I hit it
Lua_dump from:demo\demoScene.lua gameOver:1230
- "death" = "<<<<<<<<<<<<<<     11self.person_state"
Lua_dump from:demo\demoScene.lua gameOver:1239
- 110 = "<<<<<<<<<<    py"
Lua_dump from:demo\demoScene.lua classifyCue:1442
- "代练38445632" = "<<<<<<<<<<<<  self.name"
[4][Lua_Info][demo\demoScene.lua removeAllMyProp:1304][nil] clean All prop.
Lua_dump from:demo\demoScene.lua gameOver:1264
- ">    PostData,gameOver" = {
-     "btnInfoList" = {
-         "BtnConfigCancelNum"  = 184
-         "BtnConfigSubmitNum"  = 97
-         "BtnCrazyNum"         = 74
-         "BtnExitCancelNum"    = 1
-         "BtnGentleNum"        = 265
-         "BtnHeadOpenAlbumNum" = 0
-         "BtnMusicNum"         = 52
-         "BtnOpenAlbumNum"     = 3
-         "BtnTakePictureNum"   = 3
-         "EditNameNum"         = 19
-         "crazy" = {
-             "breakRecord" = 23
-             "btnContinue" = 143
-             "btnRestart"  = 44
-             "btnTips"     = 9
-             "modeId"      = 2
-         }
-         "gentle" = {
-             "breakRecord" = 20
-             "btnContinue" = 133
-             "btnRestart"  = 68
-             "btnTips"     = 15
-             "modeId"      = 1
-         }
-     }
-     "gameInfolist" = {
-         "crazy" = {
-             "gameCoins" = 9999025
-             "maxScore"  = 128
-             "modeId"    = 2
-         }
-         "gentle" = {
-             "gameCoins" = 9999041
-             "maxScore"  = 79
-             "modeId"    = 1
-         }
-     }
-     "method"       = "User.updateGameInfo"
-     "mid"          = "85"
- }
Lua_dump from:game\net\http\httpController.lua execute:78
- ">>>>>>>>>>>>>>>>>>>>>>>>> paramData" = "{"uuid":"0XyvMbZqYYq99XvAQPd4lWf8dgkIw8Op","gid":2,"param":{"btnInfoList":{"BtnConfigCancelNum":184,"BtnHeadOpenAlbumNum":0,"crazy":{"breakRecord":23,"modeId":2,"btnContinue":143,"btnTips":9,"btnRestart":44},"BtnOpenAlbumNum":3,"BtnMusicNum":52,"BtnConfigSubmitNum":97,"BtnCrazyNum":74,"gentle":{"breakRecord":20,"modeId":1,"btnContinue":133,"btnTips":15,"btnRestart":68},"EditNameNum":19,"BtnExitCancelNum":1,"BtnGentleNum":265,"BtnTakePictureNum":3},"mid":"85","method":"User.updateGameInfo","gameInfolist":{"crazy":{"maxScore":128,"modeId":2,"gameCoins":9999025},"gentle":{"maxScore":79,"modeId":1,"gameCoins":9999041}}}}"
[4][Lua_Info][game\gameBase\httpModule.lua execute:84][HttpModule execute]  url:---------->http://192.168.96.152/jeffhas_dev/jdcomb/ |  param:---------->%7B%22uuid%22%3A%220XyvMbZqYYq99XvAQPd4lWf8dgkIw8Op%22%2C%22gid%22%3A2%2C%22param%22%3A%7B%22btnInfoList%22%3A%7B%22BtnConfigCancelNum%22%3A184%2C%22BtnHeadOpenAlbumNum%22%3A0%2C%22crazy%22%3A%7B%22breakRecord%22%3A23%2C%22modeId%22%3A2%2C%22btnContinue%22%3A143%2C%22btnTips%22%3A9%2C%22btnRestart%22%3A44%7D%2C%22BtnOpenAlbumNum%22%3A3%2C%22BtnMusicNum%22%3A52%2C%22BtnConfigSubmitNum%22%3A97%2C%22BtnCrazyNum%22%3A74%2C%22gentle%22%3A%7B%22breakRecord%22%3A20%2C%22modeId%22%3A1%2C%22btnContinue%22%3A133%2C%22btnTips%22%3A15%2C%22btnRestart%22%3A68%7D%2C%22EditNameNum%22%3A19%2C%22BtnExitCancelNum%22%3A1%2C%22BtnGentleNum%22%3A265%2C%22BtnTakePictureNum%22%3A3%7D%2C%22mid%22%3A%2285%22%2C%22method%22%3A%22User.updateGameInfo%22%2C%22gameInfolist%22%3A%7B%22crazy%22%3A%7B%22maxScore%22%3A128%2C%22modeId%22%3A2%2C%22gameCoins%22%3A9999025%7D%2C%22gentle%22%3A%7B%22maxScore%22%3A79%2C%22modeId%22%3A1%2C%22gameCoins%22%3A9999041%7D%7D%7D%7D
[4][Lua_Info][demo\demoScene.lua gameOver:1268][nil] gameOver
[4][Lua_Info][game\gameBase\httpModule.lua func:223][nil] -----------------------------------------------
[4][Lua_Info][game\gameBase\httpModule.lua func:224][nil] resultStr:{"time":1493282761,"flag":10000,"data":{"mark":1}}
[4][Lua_Info][game\gameBase\httpModule.lua func:225][nil] -----------------------------------------------
[4][Lua_Info][game\gameBase\httpModule.lua func:242][HttpModule] httpCode:0 200 errorCode:SUCCESSED command:User.updateGameInfo
[4][Lua_Warn][game\net\http\httpController.lua func:185][gameBase] GameData, no such cmd but dispatch ~
[4][Lua_Info][game\gameBase\gameBaseData.lua func:45][gameBase] GameBaseData.onHttpPorcesser
[4][Lua_Warn][game\gameBase\gameBaseData.lua func:47][gameBase] Not such request cmd in current bseeData
[4][Lua_Info][game\gameBase\gameBaseController.lua func:98][gameBase] GameBaseController.onHttpPorcesser
[4][Lua_Warn][game\gameBase\gameBaseController.lua func:100][gameBase] Not such request cmd in current controller
[5][Lua_Info][demo\demoScene.lua removeAllMyProp:1304][nil] clean All prop.
[5][Lua_Info][game\gameBase\gameBaseLayer.lua ctor:8][nil] GameBaseLayer.ctor
[5][Lua_Info][demo\failPopup.lua ctor:17][nil] failPopup.ctor
Lua_dump from:demo\failPopup.lua func:70
- "<var>" = ">>>>>>>>>>>>>>>>>>>>>>>>>>> failPopup onContinueClick"
[6][Lua_Info][demo\failPopup.lua dtor:56][nil] failPopup.dtor
[6][Lua_Info][game\gameBase\gameBaseLayer.lua dtor:18][nil] GameBaseLayer.dtor
[6][Lua_Info][demo\demoScene.lua removeAllMyProp:1304][nil] clean All prop.
[6][Lua_Info][game\gameBase\gameBaseLayer.lua ctor:8][nil] GameBaseLayer.ctor
[6][Lua_Info][demo\failPopup.lua ctor:17][nil] failPopup.ctor
Lua_dump from:demo\coinTipPopup.lua func:41
- "<var>" = ">>>>>>>>>>>>>>>>>>>>>>>>>>> onContinueClick"
[6][Lua_Info][demo\failPopup.lua dtor:56][nil] failPopup.dtor
[6][Lua_Info][game\gameBase\gameBaseLayer.lua dtor:18][nil] GameBaseLayer.dtor
[6][Lua_Info][core.lua addPropTranslate:2745][startX=] 0-1080
[6][Lua_Info][demo\demoScene.lua func:495][nil] Continue my game again
[8][Lua_Info][demo\demoScene.lua func:1011][DemoScene] key = 32
Lua_dump from:demo\demoScene.lua func:1026
- "起跳初始速度 >>>>>>>>>>>>>>>>>" = 25
Lua_dump from:demo\demoScene.lua :965
- "ScreenWidth>>>" = 1137.7777777778
Lua_dump from:demo\demoScene.lua :965
- "ScreenWidth>>>" = 1137.7777777778
Lua_dump from:demo\demoScene.lua :965
- "ScreenWidth>>>" = 1137.7777777778
Lua_dump from:demo\demoScene.lua :965
- "ScreenWidth>>>" = 1137.7777777778
Lua_dump from:demo\demoScene.lua :965
- "ScreenWidth>>>" = 1137.7777777778
Lua_dump from:demo\demoScene.lua :965
- "ScreenWidth>>>" = 1137.7777777778
Lua_dump from:demo\demoScene.lua :965
- "ScreenWidth>>>" = 1137.7777777778
Lua_dump from:demo\demoScene.lua :965
- "ScreenWidth>>>" = 1137.7777777778
Lua_dump from:demo\demoScene.lua :965
- "ScreenWidth>>>" = 1137.7777777778
[8][Lua_Info][demo\demoScene.lua onKeyDown:1011][DemoScene] key = 39
[8][Lua_Info][demo\demoScene.lua func:1011][DemoScene] key = 67
[8][Lua_Info][demo\demoScene.lua func:1011][DemoScene] key = 163
[9][Lua_Info][demo\demoScene.lua onKeyDown:1011][DemoScene] key = 69
[9][Lua_Info][demo\demoScene.lua :725][nil] Hitting the monster
[9][Lua_Info][demo\demoScene.lua onKeyDown:1011][DemoScene] key = 69
[9][Lua_Info][demo\demoScene.lua :725][nil] Hitting the monster
[9][Lua_Info][demo\demoScene.lua onKeyDown:1011][DemoScene] key = 69
[9][Lua_Info][demo\demoScene.lua :725][nil] Hitting the monster
[9][Lua_Info][demo\demoScene.lua onKeyDown:1011][DemoScene] key = 69
[9][Lua_Info][demo\demoScene.lua :725][nil] Hitting the monster
[9][Lua_Info][demo\demoScene.lua onKeyDown:1011][DemoScene] key = 69
[9][Lua_Info][demo\demoScene.lua :725][nil] Hitting the monster
[9][Lua_Info][demo\demoScene.lua onKeyDown:1011][DemoScene] key = 69
[9][Lua_Info][demo\demoScene.lua :725][nil] Hitting the monster
[9][Lua_Info][demo\demoScene.lua onKeyDown:1011][DemoScene] key = 69
[9][Lua_Info][demo\demoScene.lua :725][nil] Hitting the monster
[9][Lua_Info][demo\demoScene.lua onKeyDown:1011][DemoScene] key = 69
[9][Lua_Info][demo\demoScene.lua :725][nil] Hitting the monster
[9][Lua_Info][demo\demoScene.lua onKeyDown:1011][DemoScene] key = 69
[9][Lua_Info][demo\demoScene.lua :725][nil] Hitting the monster
[9][Lua_Info][demo\demoScene.lua onKeyDown:1011][DemoScene] key = 69
[9][Lua_Info][demo\demoScene.lua :725][nil] Hitting the monster
[9][Lua_Info][demo\demoScene.lua onKeyDown:1011][DemoScene] key = 69
[9][Lua_Info][demo\demoScene.lua :725][nil] Hitting the monster
[9][Lua_Info][demo\demoScene.lua func:1011][DemoScene] key = 67
[9][Lua_Info][demo\demoScene.lua func:1011][DemoScene] key = 163
[9][Lua_Info][demo\demoScene.lua onKeyDown:1011][DemoScene] key = 69
[9][Lua_Info][demo\demoScene.lua :725][nil] Hitting the monster
[9][Lua_Info][demo\demoScene.lua onKeyDown:1011][DemoScene] key = 69
[9][Lua_Info][demo\demoScene.lua :725][nil] Hitting the monster
Lua_dump from:demo\demoScene.lua getCoin:778
- "gentle" = "self.gameModel<<<<<<<<<<<<<<<<<<<<<<"
Lua_dump from:demo\demoScene.lua getCoin:779
- "<var>" = "self.gameModel<<<<<<<<<<<<<<<<<<<<<<"
[9][Lua_Info][demo\demoScene.lua createMonster:680][nil] I am monster No.1
[9][Lua_Info][demo\demoScene.lua onKeyDown:1011][DemoScene] key = 69
[9][Lua_Info][demo\demoScene.lua :725][nil] Hitting the monster
[9][Lua_Info][demo\demoScene.lua onKeyDown:1011][DemoScene] key = 69
[9][Lua_Info][demo\demoScene.lua :725][nil] Hitting the monster
[10][Lua_Info][demo\demoScene.lua onKeyDown:1011][DemoScene] key = 69
[10][Lua_Info][demo\demoScene.lua :725][nil] Hitting the monster
[10][Lua_Info][demo\demoScene.lua onKeyDown:1011][DemoScene] key = 69
[10][Lua_Info][demo\demoScene.lua :725][nil] Hitting the monster
[10][Lua_Info][demo\demoScene.lua onKeyDown:1011][DemoScene] key = 69
[10][Lua_Info][demo\demoScene.lua :725][nil] Hitting the monster
[10][Lua_Info][demo\demoScene.lua onKeyDown:1011][DemoScene] key = 69
[10][Lua_Info][demo\demoScene.lua :725][nil] Hitting the monster
[10][Lua_Info][demo\demoScene.lua onKeyDown:1011][DemoScene] key = 69
[10][Lua_Info][demo\demoScene.lua :725][nil] Hitting the monster
[10][Lua_Info][demo\demoScene.lua onKeyDown:1011][DemoScene] key = 69
[10][Lua_Info][demo\demoScene.lua :725][nil] Hitting the monster
[10][Lua_Info][demo\demoScene.lua onKeyDown:1011][DemoScene] key = 69
[10][Lua_Info][demo\demoScene.lua :725][nil] Hitting the monster
[10][Lua_Info][demo\demoScene.lua onKeyDown:1011][DemoScene] key = 69
[10][Lua_Info][demo\demoScene.lua :725][nil] Hitting the monster
[10][Lua_Info][demo\demoScene.lua onKeyDown:1011][DemoScene] key = 69
[10][Lua_Info][demo\demoScene.lua :725][nil] Hitting the monster
[10][Lua_Info][demo\demoScene.lua onKeyDown:1011][DemoScene] key = 69
[10][Lua_Info][demo\demoScene.lua :725][nil] Hitting the monster
[10][Lua_Info][demo\demoScene.lua onKeyDown:1011][DemoScene] key = 69
[10][Lua_Info][demo\demoScene.lua :725][nil] Hitting the monster
[11][Lua_Info][demo\demoScene.lua func:1011][DemoScene] key = 32
Lua_dump from:demo\demoScene.lua func:1026
- "起跳初始速度 >>>>>>>>>>>>>>>>>" = 25
[12][Lua_Info][demo\demoScene.lua onKeyDown:1011][DemoScene] key = 69
[12][Lua_Info][demo\demoScene.lua :725][nil] Hitting the monster
[12][Lua_Info][demo\demoScene.lua onKeyDown:1011][DemoScene] key = 69
[12][Lua_Info][demo\demoScene.lua :725][nil] Hitting the monster
[12][Lua_Info][demo\demoScene.lua onKeyDown:1011][DemoScene] key = 69
[12][Lua_Info][demo\demoScene.lua :725][nil] Hitting the monster
[12][Lua_Info][demo\demoScene.lua onKeyDown:1011][DemoScene] key = 69
[12][Lua_Info][demo\demoScene.lua :725][nil] Hitting the monster
[12][Lua_Info][demo\demoScene.lua onKeyDown:1011][DemoScene] key = 69
[12][Lua_Info][demo\demoScene.lua :725][nil] Hitting the monster
[12][Lua_Info][demo\demoScene.lua onKeyDown:1011][DemoScene] key = 69
[12][Lua_Info][demo\demoScene.lua :725][nil] Hitting the monster
Lua_dump from:demo\demoScene.lua getCoin:778
- "gentle" = "self.gameModel<<<<<<<<<<<<<<<<<<<<<<"
Lua_dump from:demo\demoScene.lua getCoin:779
- "<var>" = "self.gameModel<<<<<<<<<<<<<<<<<<<<<<"
[12][Lua_Info][demo\demoScene.lua createMonster:680][nil] I am monster No.1
[12][Lua_Info][demo\demoScene.lua onKeyDown:1011][DemoScene] key = 69
[12][Lua_Info][demo\demoScene.lua :725][nil] Hitting the monster
[12][Lua_Info][demo\demoScene.lua onKeyDown:1011][DemoScene] key = 69
[12][Lua_Info][demo\demoScene.lua :725][nil] Hitting the monster
[12][Lua_Info][demo\demoScene.lua onKeyDown:1011][DemoScene] key = 69
[12][Lua_Info][demo\demoScene.lua :725][nil] Hitting the monster
[12][Lua_Info][demo\demoScene.lua onKeyDown:1011][DemoScene] key = 69
[12][Lua_Info][demo\demoScene.lua :725][nil] Hitting the monster
[13][Lua_Info][demo\demoScene.lua onKeyDown:1011][DemoScene] key = 69
[13][Lua_Info][demo\demoScene.lua :725][nil] Hitting the monster
[13][Lua_Info][demo\demoScene.lua func:1011][DemoScene] key = 32
Lua_dump from:demo\demoScene.lua func:1026
- "起跳初始速度 >>>>>>>>>>>>>>>>>" = 25
Lua_dump from:demo\demoScene.lua getCoin:778
- "gentle" = "self.gameModel<<<<<<<<<<<<<<<<<<<<<<"
Lua_dump from:demo\demoScene.lua getCoin:779
- "<var>" = "self.gameModel<<<<<<<<<<<<<<<<<<<<<<"
[15][Lua_Info][demo\demoScene.lua createMonster:680][nil] I am monster No.1
[16][Lua_Info][demo\demoScene.lua func:1011][DemoScene] key = 32
Lua_dump from:demo\demoScene.lua func:1026
- "起跳初始速度 >>>>>>>>>>>>>>>>>" = 25
Lua_dump from:demo\demoScene.lua getCoin:778
- "gentle" = "self.gameModel<<<<<<<<<<<<<<<<<<<<<<"
Lua_dump from:demo\demoScene.lua getCoin:779
- "<var>" = "self.gameModel<<<<<<<<<<<<<<<<<<<<<<"
[18][Lua_Info][demo\demoScene.lua createMonster:680][nil] I am monster No.2
Lua_dump from:demo\demoScene.lua :965
- "ScreenWidth>>>" = 1137.7777777778
Lua_dump from:demo\demoScene.lua :965
- "ScreenWidth>>>" = 1137.7777777778
Lua_dump from:demo\demoScene.lua :965
- "ScreenWidth>>>" = 1137.7777777778
Lua_dump from:demo\demoScene.lua :965
- "ScreenWidth>>>" = 1137.7777777778
Lua_dump from:demo\demoScene.lua :965
- "ScreenWidth>>>" = 1137.7777777778
Lua_dump from:demo\demoScene.lua :965
- "ScreenWidth>>>" = 1137.7777777778
Lua_dump from:demo\demoScene.lua :965
- "ScreenWidth>>>" = 1137.7777777778
Lua_dump from:demo\demoScene.lua :965
- "ScreenWidth>>>" = 1137.7777777778
Lua_dump from:demo\demoScene.lua :965
- "ScreenWidth>>>" = 1137.7777777778
Lua_dump from:demo\demoScene.lua :965
- "ScreenWidth>>>" = 1137.7777777778
Lua_dump from:demo\demoScene.lua :965
- "ScreenWidth>>>" = 1137.7777777778
Lua_dump from:demo\demoScene.lua :965
- "ScreenWidth>>>" = 1137.7777777778
Lua_dump from:demo\demoScene.lua :965
- "ScreenWidth>>>" = 1137.7777777778
[18][Lua_Info][demo\demoScene.lua onKeyDown:1011][DemoScene] key = 37
[18][Lua_Info][demo\demoScene.lua func:1011][DemoScene] key = 67
[18][Lua_Info][demo\demoScene.lua func:1011][DemoScene] key = 163
[20][Lua_Info][demo\demoScene.lua func:1011][DemoScene] key = 32
Lua_dump from:demo\demoScene.lua func:1026
- "起跳初始速度 >>>>>>>>>>>>>>>>>" = 25
Lua_dump from:demo\demoScene.lua :965
- "ScreenWidth>>>" = 1137.7777777778
Lua_dump from:demo\demoScene.lua :965
- "ScreenWidth>>>" = 1137.7777777778
Lua_dump from:demo\demoScene.lua :965
- "ScreenWidth>>>" = 1137.7777777778
Lua_dump from:demo\demoScene.lua :965
- "ScreenWidth>>>" = 1137.7777777778
Lua_dump from:demo\demoScene.lua :965
- "ScreenWidth>>>" = 1137.7777777778
Lua_dump from:demo\demoScene.lua :965
- "ScreenWidth>>>" = 1137.7777777778
Lua_dump from:demo\demoScene.lua :965
- "ScreenWidth>>>" = 1137.7777777778
Lua_dump from:demo\demoScene.lua :965
- "ScreenWidth>>>" = 1137.7777777778
Lua_dump from:demo\demoScene.lua :965
- "ScreenWidth>>>" = 1137.7777777778
Lua_dump from:demo\demoScene.lua :965
- "ScreenWidth>>>" = 1137.7777777778
Lua_dump from:demo\demoScene.lua :965
- "ScreenWidth>>>" = 1137.7777777778
Lua_dump from:demo\demoScene.lua :965
- "ScreenWidth>>>" = 1137.7777777778
Lua_dump from:demo\demoScene.lua :965
- "ScreenWidth>>>" = 1137.7777777778
[20][Lua_Info][demo\demoScene.lua onKeyDown:1011][DemoScene] key = 83
[20][Lua_Info][demo\demoScene.lua adjustBarSpeed:731][nil] The monster has been accelerated
[20][Lua_Info][demo\demoScene.lua func:1011][DemoScene] key = 67
[20][Lua_Info][demo\demoScene.lua func:1011][DemoScene] key = 163
Lua_dump from:demo\demoScene.lua getCoin:778
- "gentle" = "self.gameModel<<<<<<<<<<<<<<<<<<<<<<"
Lua_dump from:demo\demoScene.lua getCoin:779
- "<var>" = "self.gameModel<<<<<<<<<<<<<<<<<<<<<<"
[21][Lua_Info][demo\demoScene.lua createMonster:680][nil] I am monster No.2
[22][Lua_Info][demo\demoScene.lua func:1011][DemoScene] key = 32
Lua_dump from:demo\demoScene.lua func:1026
- "起跳初始速度 >>>>>>>>>>>>>>>>>" = 25
Lua_dump from:demo\demoScene.lua :965
- "ScreenWidth>>>" = 1137.7777777778
Lua_dump from:demo\demoScene.lua :965
- "ScreenWidth>>>" = 1137.7777777778
Lua_dump from:demo\demoScene.lua :965
- "ScreenWidth>>>" = 1137.7777777778
Lua_dump from:demo\demoScene.lua :965
- "ScreenWidth>>>" = 1137.7777777778
Lua_dump from:demo\demoScene.lua :965
- "ScreenWidth>>>" = 1137.7777777778
Lua_dump from:demo\demoScene.lua :965
- "ScreenWidth>>>" = 1137.7777777778
Lua_dump from:demo\demoScene.lua :965
- "ScreenWidth>>>" = 1137.7777777778
Lua_dump from:demo\demoScene.lua :965
- "ScreenWidth>>>" = 1137.7777777778
Lua_dump from:demo\demoScene.lua :965
- "ScreenWidth>>>" = 1137.7777777778
Lua_dump from:demo\demoScene.lua :965
- "ScreenWidth>>>" = 1137.7777777778
Lua_dump from:demo\demoScene.lua :965
- "ScreenWidth>>>" = 1137.7777777778
Lua_dump from:demo\demoScene.lua :965
- "ScreenWidth>>>" = 1137.7777777778
Lua_dump from:demo\demoScene.lua :965
- "ScreenWidth>>>" = 1137.7777777778
Lua_dump from:demo\demoScene.lua :965
- "ScreenWidth>>>" = 1137.7777777778
Lua_dump from:demo\demoScene.lua :965
- "ScreenWidth>>>" = 1137.7777777778
Lua_dump from:demo\demoScene.lua :965
- "ScreenWidth>>>" = 1137.7777777778
[22][Lua_Info][demo\demoScene.lua onKeyDown:1011][DemoScene] key = 83
[22][Lua_Info][demo\demoScene.lua adjustBarSpeed:731][nil] The monster has been accelerated
[22][Lua_Info][demo\demoScene.lua func:1011][DemoScene] key = 67
[22][Lua_Info][demo\demoScene.lua func:1011][DemoScene] key = 163
[23][Lua_Info][demo\demoScene.lua :943][<<<<<<<<<<<<<<<<<<   distance] 106.02329117512
[23][Lua_Info][demo\demoScene.lua :944][<<<<<<<<<<<<<<<<<<   apple] 4.6019349378136
[23][Lua_Info][demo\demoScene.lua :945][nil] I hit it
Lua_dump from:demo\demoScene.lua gameOver:1230
- "death" = "<<<<<<<<<<<<<<     11self.person_state"
Lua_dump from:demo\demoScene.lua gameOver:1239
- 156 = "<<<<<<<<<<    py"
Lua_dump from:demo\demoScene.lua classifyCue:1442
- "代练38445632" = "<<<<<<<<<<<<  self.name"
[23][Lua_Info][demo\demoScene.lua removeAllMyProp:1304][nil] clean All prop.
Lua_dump from:demo\demoScene.lua gameOver:1264
- ">    PostData,gameOver" = {
-     "btnInfoList" = {
-         "BtnConfigCancelNum"  = 184
-         "BtnConfigSubmitNum"  = 97
-         "BtnCrazyNum"         = 74
-         "BtnExitCancelNum"    = 1
-         "BtnGentleNum"        = 265
-         "BtnHeadOpenAlbumNum" = 0
-         "BtnMusicNum"         = 52
-         "BtnOpenAlbumNum"     = 3
-         "BtnTakePictureNum"   = 3
-         "EditNameNum"         = 19
-         "crazy" = {
-             "breakRecord" = 23
-             "btnContinue" = 143
-             "btnRestart"  = 44
-             "btnTips"     = 9
-             "modeId"      = 2
-         }
-         "gentle" = {
-             "breakRecord" = 20
-             "btnContinue" = 134
-             "btnRestart"  = 68
-             "btnTips"     = 15
-             "modeId"      = 1
-         }
-     }
-     "gameInfolist" = {
-         "crazy" = {
-             "gameCoins" = 9999025
-             "maxScore"  = 128
-             "modeId"    = 2
-         }
-         "gentle" = {
-             "gameCoins" = 9999026
-             "maxScore"  = 79
-             "modeId"    = 1
-         }
-     }
-     "method"       = "User.updateGameInfo"
-     "mid"          = "85"
- }
Lua_dump from:game\net\http\httpController.lua execute:78
- ">>>>>>>>>>>>>>>>>>>>>>>>> paramData" = "{"uuid":"0XyvMbZqYYq99XvAQPd4lWf8dgkIw8Op","gid":2,"param":{"btnInfoList":{"BtnConfigCancelNum":184,"BtnHeadOpenAlbumNum":0,"crazy":{"breakRecord":23,"modeId":2,"btnContinue":143,"btnTips":9,"btnRestart":44},"BtnOpenAlbumNum":3,"BtnMusicNum":52,"BtnConfigSubmitNum":97,"BtnCrazyNum":74,"gentle":{"breakRecord":20,"modeId":1,"btnContinue":134,"btnTips":15,"btnRestart":68},"EditNameNum":19,"BtnExitCancelNum":1,"BtnGentleNum":265,"BtnTakePictureNum":3},"mid":"85","method":"User.updateGameInfo","gameInfolist":{"crazy":{"maxScore":128,"modeId":2,"gameCoins":9999025},"gentle":{"maxScore":79,"modeId":1,"gameCoins":9999026}}}}"
[23][Lua_Info][game\gameBase\httpModule.lua execute:84][HttpModule execute]  url:---------->http://192.168.96.152/jeffhas_dev/jdcomb/ |  param:---------->%7B%22uuid%22%3A%220XyvMbZqYYq99XvAQPd4lWf8dgkIw8Op%22%2C%22gid%22%3A2%2C%22param%22%3A%7B%22btnInfoList%22%3A%7B%22BtnConfigCancelNum%22%3A184%2C%22BtnHeadOpenAlbumNum%22%3A0%2C%22crazy%22%3A%7B%22breakRecord%22%3A23%2C%22modeId%22%3A2%2C%22btnContinue%22%3A143%2C%22btnTips%22%3A9%2C%22btnRestart%22%3A44%7D%2C%22BtnOpenAlbumNum%22%3A3%2C%22BtnMusicNum%22%3A52%2C%22BtnConfigSubmitNum%22%3A97%2C%22BtnCrazyNum%22%3A74%2C%22gentle%22%3A%7B%22breakRecord%22%3A20%2C%22modeId%22%3A1%2C%22btnContinue%22%3A134%2C%22btnTips%22%3A15%2C%22btnRestart%22%3A68%7D%2C%22EditNameNum%22%3A19%2C%22BtnExitCancelNum%22%3A1%2C%22BtnGentleNum%22%3A265%2C%22BtnTakePictureNum%22%3A3%7D%2C%22mid%22%3A%2285%22%2C%22method%22%3A%22User.updateGameInfo%22%2C%22gameInfolist%22%3A%7B%22crazy%22%3A%7B%22maxScore%22%3A128%2C%22modeId%22%3A2%2C%22gameCoins%22%3A9999025%7D%2C%22gentle%22%3A%7B%22maxScore%22%3A79%2C%22modeId%22%3A1%2C%22gameCoins%22%3A9999026%7D%7D%7D%7D
[23][Lua_Info][demo\demoScene.lua gameOver:1268][nil] gameOver
[23][Lua_Info][game\gameBase\httpModule.lua func:223][nil] -----------------------------------------------
[23][Lua_Info][game\gameBase\httpModule.lua func:224][nil] resultStr:{"time":1493282780,"flag":10000,"data":{"mark":1}}
[23][Lua_Info][game\gameBase\httpModule.lua func:225][nil] -----------------------------------------------
[23][Lua_Info][game\gameBase\httpModule.lua func:242][HttpModule] httpCode:0 200 errorCode:SUCCESSED command:User.updateGameInfo
[23][Lua_Warn][game\net\http\httpController.lua func:185][gameBase] GameData, no such cmd but dispatch ~
[23][Lua_Info][game\gameBase\gameBaseData.lua func:45][gameBase] GameBaseData.onHttpPorcesser
[23][Lua_Warn][game\gameBase\gameBaseData.lua func:47][gameBase] Not such request cmd in current bseeData
[23][Lua_Info][game\gameBase\gameBaseController.lua func:98][gameBase] GameBaseController.onHttpPorcesser
[23][Lua_Warn][game\gameBase\gameBaseController.lua func:100][gameBase] Not such request cmd in current controller
[23][Lua_Info][demo\demoScene.lua removeAllMyProp:1304][nil] clean All prop.
[23][Lua_Info][game\gameBase\gameBaseLayer.lua ctor:8][nil] GameBaseLayer.ctor
[23][Lua_Info][demo\failPopup.lua ctor:17][nil] failPopup.ctor
